2026-03-30T05:43:40.1773267Z Current runner version: '2.333.0'
2026-03-30T05:43:40.1809220Z ##[group]Runner Image Provisioner
2026-03-30T05:43:40.1810461Z Hosted Compute Agent
2026-03-30T05:43:40.1811267Z Version: 20260213.493
2026-03-30T05:43:40.1812237Z Commit: 5c115507f6dd24b8de37d8bbe0bb4509d0cc0fa3
2026-03-30T05:43:40.1813279Z Build Date: 2026-02-13T00:28:41Z
2026-03-30T05:43:40.1814365Z Worker ID: {9ad7f75a-2cda-4e32-83ef-f4a3b512f89e}
2026-03-30T05:43:40.1815489Z Azure Region: westus2
2026-03-30T05:43:40.1816243Z ##[endgroup]
2026-03-30T05:43:40.1818283Z ##[group]Operating System
2026-03-30T05:43:40.1819181Z Microsoft Windows Server 2025
2026-03-30T05:43:40.1820534Z 10.0.26100
2026-03-30T05:43:40.1821236Z Datacenter
2026-03-30T05:43:40.1822082Z ##[endgroup]
2026-03-30T05:43:40.1822919Z ##[group]Runner Image
2026-03-30T05:43:40.1823873Z Image: windows-2025
2026-03-30T05:43:40.1824737Z Version: 20260317.61.1
2026-03-30T05:43:40.1827009Z Included Software: https://github.com/actions/runner-images/blob/win25/20260317.61/images/windows/Windows2025-Readme.md
2026-03-30T05:43:40.1829645Z Image Release: https://github.com/actions/runner-images/releases/tag/win25%2F20260317.61
2026-03-30T05:43:40.1831628Z ##[endgroup]
2026-03-30T05:43:40.1833220Z ##[group]GITHUB_TOKEN Permissions
2026-03-30T05:43:40.1836328Z Contents: write
2026-03-30T05:43:40.1837119Z Metadata: read
2026-03-30T05:43:40.1837913Z ##[endgroup]
2026-03-30T05:43:40.1840871Z Secret source: Actions
2026-03-30T05:43:40.1841949Z Prepare workflow directory
2026-03-30T05:43:40.2345981Z Prepare all required actions
2026-03-30T05:43:40.2441104Z Getting action download info
2026-03-30T05:43:40.6915144Z Download action repository 'actions/checkout@v4' (SHA:34e114876b0b11c390a56381ad16ebd13914f8d5)
2026-03-30T05:43:40.8196063Z Download action repository 'actions/setup-python@v5' (SHA:a26af69be951a213d495a4c3e4e4022e16d87065)
2026-03-30T05:43:40.9825420Z Download action repository 'actions/cache@v4' (SHA:0057852bfaa89a56745cba8c7296529d2fc39830)
2026-03-30T05:43:41.1430945Z Download action repository 'actions/upload-artifact@v4' (SHA:ea165f8d65b6e75b540449e92b4886f43607fa02)
2026-03-30T05:43:41.5170890Z Complete job name: Build (windows-latest)
2026-03-30T05:43:41.6509679Z ##[group]Run actions/checkout@v4
2026-03-30T05:43:41.6510970Z with:
2026-03-30T05:43:41.6511593Z   repository: zcj220/TestPilotAI
2026-03-30T05:43:41.6512656Z   token: ***
2026-03-30T05:43:41.6513264Z   ssh-strict: true
2026-03-30T05:43:41.6513887Z   ssh-user: git
2026-03-30T05:43:41.6514638Z   persist-credentials: true
2026-03-30T05:43:41.6515484Z   clean: true
2026-03-30T05:43:41.6516140Z   sparse-checkout-cone-mode: true
2026-03-30T05:43:41.6516930Z   fetch-depth: 1
2026-03-30T05:43:41.6517559Z   fetch-tags: false
2026-03-30T05:43:41.6518192Z   show-progress: true
2026-03-30T05:43:41.6518843Z   lfs: false
2026-03-30T05:43:41.6519423Z   submodules: false
2026-03-30T05:43:41.6520079Z   set-safe-directory: true
2026-03-30T05:43:41.6521048Z ##[endgroup]
2026-03-30T05:43:41.8528670Z Syncing repository: zcj220/TestPilotAI
2026-03-30T05:43:41.8534176Z ##[group]Getting Git version info
2026-03-30T05:43:41.8536069Z Working directory is 'D:\a\TestPilotAI\TestPilotAI'
2026-03-30T05:43:41.9791710Z [command]"C:\Program Files\Git\bin\git.exe" version
2026-03-30T05:43:42.3620428Z git version 2.53.0.windows.2
2026-03-30T05:43:42.3625333Z ##[endgroup]
2026-03-30T05:43:42.3632850Z Temporarily overriding HOME='D:\a\_temp\8ab6e8c3-e0ea-4105-88a0-de2994a91fbc' before making global git config changes
2026-03-30T05:43:42.3636392Z Adding repository directory to the temporary git global config as a safe directory
2026-03-30T05:43:42.3639795Z [command]"C:\Program Files\Git\bin\git.exe" config --global --add safe.directory D:\a\TestPilotAI\TestPilotAI
2026-03-30T05:43:42.4081838Z Deleting the contents of 'D:\a\TestPilotAI\TestPilotAI'
2026-03-30T05:43:42.4084403Z ##[group]Initializing the repository
2026-03-30T05:43:42.4092581Z [command]"C:\Program Files\Git\bin\git.exe" init D:\a\TestPilotAI\TestPilotAI
2026-03-30T05:43:42.5793194Z Initialized empty Git repository in D:/a/TestPilotAI/TestPilotAI/.git/
2026-03-30T05:43:42.5797942Z [command]"C:\Program Files\Git\bin\git.exe" remote add origin https://github.com/zcj220/TestPilotAI
2026-03-30T05:43:42.5802512Z ##[endgroup]
2026-03-30T05:43:42.5804363Z ##[group]Disabling automatic garbage collection
2026-03-30T05:43:42.5806377Z [command]"C:\Program Files\Git\bin\git.exe" config --local gc.auto 0
2026-03-30T05:43:42.6125431Z ##[endgroup]
2026-03-30T05:43:42.6128190Z ##[group]Setting up auth
2026-03-30T05:43:42.6131607Z [command]"C:\Program Files\Git\bin\git.exe" config --local --name-only --get-regexp core\.sshCommand
2026-03-30T05:43:42.6467542Z [command]"C:\Program Files\Git\bin\git.exe" submodule foreach --recursive "sh -c \"git config --local --name-only --get-regexp 'core\.sshCommand' && git config --local --unset-all 'core.sshCommand' || :\""
2026-03-30T05:43:44.4775224Z [command]"C:\Program Files\Git\bin\git.exe" config --local --name-only --get-regexp http\.https\:\/\/github\.com\/\.extraheader
2026-03-30T05:43:44.4781164Z [command]"C:\Program Files\Git\bin\git.exe" submodule foreach --recursive "sh -c \"git config --local --name-only --get-regexp 'http\.https\:\/\/github\.com\/\.extraheader' && git config --local --unset-all 'http.https://github.com/.extraheader' || :\""
2026-03-30T05:43:44.6807618Z [command]"C:\Program Files\Git\bin\git.exe" config --local --name-only --get-regexp ^includeIf\.gitdir:
2026-03-30T05:43:44.7130645Z [command]"C:\Program Files\Git\bin\git.exe" submodule foreach --recursive "git config --local --show-origin --name-only --get-regexp remote.origin.url"
2026-03-30T05:43:45.3421946Z [command]"C:\Program Files\Git\bin\git.exe" config --local http.https://github.com/.extraheader "AUTHORIZATION: basic ***"
2026-03-30T05:43:45.3928869Z ##[endgroup]
2026-03-30T05:43:45.3931750Z ##[group]Fetching the repository
2026-03-30T05:43:45.4014938Z [command]"C:\Program Files\Git\bin\git.exe" -c protocol.version=2 fetch --no-tags --prune --no-recurse-submodules --depth=1 origin +c38e8c13d827a5269ef3a6a8a5860c67539bde15:refs/remotes/origin/main
2026-03-30T05:43:46.5029470Z From https://github.com/zcj220/TestPilotAI
2026-03-30T05:43:46.5030533Z  * [new ref]         c38e8c13d827a5269ef3a6a8a5860c67539bde15 -> origin/main
2026-03-30T05:43:46.5425229Z ##[endgroup]
2026-03-30T05:43:46.5429069Z ##[group]Determining the checkout info
2026-03-30T05:43:46.5432678Z ##[endgroup]
2026-03-30T05:43:46.5435145Z [command]"C:\Program Files\Git\bin\git.exe" sparse-checkout disable
2026-03-30T05:43:46.5937750Z [command]"C:\Program Files\Git\bin\git.exe" config --local --unset-all extensions.worktreeConfig
2026-03-30T05:43:46.6273948Z ##[group]Checking out the ref
2026-03-30T05:43:46.6288829Z [command]"C:\Program Files\Git\bin\git.exe" checkout --progress --force -B main refs/remotes/origin/main
2026-03-30T05:43:46.9121059Z Switched to a new branch 'main'
2026-03-30T05:43:46.9146936Z branch 'main' set up to track 'origin/main'.
2026-03-30T05:43:46.9205798Z ##[endgroup]
2026-03-30T05:43:46.9627097Z [command]"C:\Program Files\Git\bin\git.exe" log -1 --format=%H
2026-03-30T05:43:46.9922738Z c38e8c13d827a5269ef3a6a8a5860c67539bde15
2026-03-30T05:43:47.0379277Z ##[group]Run actions/setup-python@v5
2026-03-30T05:43:47.0379611Z with:
2026-03-30T05:43:47.0379800Z   python-version: 3.10
2026-03-30T05:43:47.0380017Z   check-latest: false
2026-03-30T05:43:47.0380340Z   token: ***
2026-03-30T05:43:47.0380519Z   update-environment: true
2026-03-30T05:43:47.0380724Z   allow-prereleases: false
2026-03-30T05:43:47.0380946Z   freethreaded: false
2026-03-30T05:43:47.0381149Z ##[endgroup]
2026-03-30T05:43:47.3605640Z ##[group]Installed versions
2026-03-30T05:43:47.3939125Z Successfully set up CPython (3.10.11)
2026-03-30T05:43:47.3939867Z ##[endgroup]
2026-03-30T05:43:47.4198552Z ##[group]Run pip install poetry
2026-03-30T05:43:47.4198932Z [36;1mpip install poetry[0m
2026-03-30T05:43:47.4943027Z shell: C:\Program Files\PowerShell\7\pwsh.EXE -command ". '{0}'"
2026-03-30T05:43:47.4944488Z env:
2026-03-30T05:43:47.4944799Z   pythonLocation: C:\hostedtoolcache\windows\Python\3.10.11\x64
2026-03-30T05:43:47.4945370Z   PKG_CONFIG_PATH: C:\hostedtoolcache\windows\Python\3.10.11\x64/lib/pkgconfig
2026-03-30T05:43:47.4945948Z   Python_ROOT_DIR: C:\hostedtoolcache\windows\Python\3.10.11\x64
2026-03-30T05:43:47.4946432Z   Python2_ROOT_DIR: C:\hostedtoolcache\windows\Python\3.10.11\x64
2026-03-30T05:43:47.4946909Z   Python3_ROOT_DIR: C:\hostedtoolcache\windows\Python\3.10.11\x64
2026-03-30T05:43:47.4947275Z ##[endgroup]
2026-03-30T05:44:00.4895987Z Collecting poetry
2026-03-30T05:44:00.5481755Z   Downloading poetry-2.3.3-py3-none-any.whl.metadata (7.2 kB)
2026-03-30T05:44:00.5971999Z Collecting build<2.0.0,>=1.2.1 (from poetry)
2026-03-30T05:44:00.6058531Z   Downloading build-1.4.2-py3-none-any.whl.metadata (5.8 kB)
2026-03-30T05:44:00.6563441Z Collecting cachecontrol<0.15.0,>=0.14.0 (from cachecontrol[filecache]<0.15.0,>=0.14.0->poetry)
2026-03-30T05:44:00.6651715Z   Downloading cachecontrol-0.14.4-py3-none-any.whl.metadata (3.1 kB)
2026-03-30T05:44:00.7168988Z Collecting cleo<3.0.0,>=2.1.0 (from poetry)
2026-03-30T05:44:00.7262687Z   Downloading cleo-2.1.0-py3-none-any.whl.metadata (12 kB)
2026-03-30T05:44:00.9308031Z Collecting dulwich<2,>=0.25.0 (from poetry)
2026-03-30T05:44:00.9433738Z   Downloading dulwich-1.1.0-cp310-cp310-win_amd64.whl.metadata (6.0 kB)
2026-03-30T05:44:00.9930812Z Collecting fastjsonschema<3.0.0,>=2.18.0 (from poetry)
2026-03-30T05:44:01.0014540Z   Downloading fastjsonschema-2.21.2-py3-none-any.whl.metadata (2.3 kB)
2026-03-30T05:44:01.0478329Z Collecting findpython<0.8.0,>=0.6.2 (from poetry)
2026-03-30T05:44:01.0564292Z   Downloading findpython-0.7.1-py3-none-any.whl.metadata (5.4 kB)
2026-03-30T05:44:01.1014654Z Collecting installer<0.8.0,>=0.7.0 (from poetry)
2026-03-30T05:44:01.1104936Z   Downloading installer-0.7.0-py3-none-any.whl.metadata (936 bytes)
2026-03-30T05:44:01.1714272Z Collecting keyring<26.0.0,>=25.1.0 (from poetry)
2026-03-30T05:44:01.1811517Z   Downloading keyring-25.7.0-py3-none-any.whl.metadata (21 kB)
2026-03-30T05:44:01.2369901Z Collecting packaging>=24.2 (from poetry)
2026-03-30T05:44:01.2453995Z   Downloading packaging-26.0-py3-none-any.whl.metadata (3.3 kB)
2026-03-30T05:44:01.2954126Z Collecting pbs-installer>=2025.6.10 (from pbs-installer[download,install]>=2025.6.10->poetry)
2026-03-30T05:44:01.3044772Z   Downloading pbs_installer-2026.3.25-py3-none-any.whl.metadata (991 bytes)
2026-03-30T05:44:01.3526449Z Collecting pkginfo<2.0,>=1.12 (from poetry)
2026-03-30T05:44:01.3619246Z   Downloading pkginfo-1.12.1.2-py3-none-any.whl.metadata (13 kB)
2026-03-30T05:44:01.4385863Z Collecting platformdirs<5,>=3.0.0 (from poetry)
2026-03-30T05:44:01.4473328Z   Downloading platformdirs-4.9.4-py3-none-any.whl.metadata (4.7 kB)
2026-03-30T05:44:01.4977694Z Collecting poetry-core==2.3.2 (from poetry)
2026-03-30T05:44:01.5072161Z   Downloading poetry_core-2.3.2-py3-none-any.whl.metadata (3.8 kB)
2026-03-30T05:44:01.5486180Z Collecting pyproject-hooks<2.0.0,>=1.0.0 (from poetry)
2026-03-30T05:44:01.5572779Z   Downloading pyproject_hooks-1.2.0-py3-none-any.whl.metadata (1.3 kB)
2026-03-30T05:44:01.6161007Z Collecting requests<3.0,>=2.26 (from poetry)
2026-03-30T05:44:01.6287296Z   Downloading requests-2.33.0-py3-none-any.whl.metadata (5.1 kB)
2026-03-30T05:44:01.6754638Z Collecting requests-toolbelt<2.0.0,>=1.0.0 (from poetry)
2026-03-30T05:44:01.6851917Z   Downloading requests_toolbelt-1.0.0-py2.py3-none-any.whl.metadata (14 kB)
2026-03-30T05:44:01.7285494Z Collecting shellingham<2.0,>=1.5 (from poetry)
2026-03-30T05:44:01.7375214Z   Downloading shellingham-1.5.4-py2.py3-none-any.whl.metadata (3.5 kB)
2026-03-30T05:44:01.7950790Z Collecting tomli<3.0.0,>=2.0.1 (from poetry)
2026-03-30T05:44:01.8050199Z   Downloading tomli-2.4.1-py3-none-any.whl.metadata (10 kB)
2026-03-30T05:44:01.8553288Z Collecting tomlkit<1.0.0,>=0.11.4 (from poetry)
2026-03-30T05:44:01.8692901Z   Downloading tomlkit-0.14.0-py3-none-any.whl.metadata (2.8 kB)
2026-03-30T05:44:01.9278940Z Collecting trove-classifiers>=2022.5.19 (from poetry)
2026-03-30T05:44:01.9367628Z   Downloading trove_classifiers-2026.1.14.14-py3-none-any.whl.metadata (2.4 kB)
2026-03-30T05:44:02.0115645Z Collecting virtualenv>=20.26.6 (from poetry)
2026-03-30T05:44:02.0232217Z   Downloading virtualenv-21.2.0-py3-none-any.whl.metadata (3.5 kB)
2026-03-30T05:44:02.0733481Z Collecting colorama (from build<2.0.0,>=1.2.1->poetry)
2026-03-30T05:44:02.0818160Z   Downloading colorama-0.4.6-py2.py3-none-any.whl.metadata (17 kB)
2026-03-30T05:44:02.1941189Z Collecting msgpack<2.0.0,>=0.5.2 (from cachecontrol<0.15.0,>=0.14.0->cachecontrol[filecache]<0.15.0,>=0.14.0->poetry)
2026-03-30T05:44:02.2035184Z   Downloading msgpack-1.1.2-cp310-cp310-win_amd64.whl.metadata (8.4 kB)
2026-03-30T05:44:02.2623165Z Collecting filelock>=3.8.0 (from cachecontrol[filecache]<0.15.0,>=0.14.0->poetry)
2026-03-30T05:44:02.2708090Z   Downloading filelock-3.25.2-py3-none-any.whl.metadata (2.0 kB)
2026-03-30T05:44:02.3127563Z Collecting crashtest<0.5.0,>=0.4.1 (from cleo<3.0.0,>=2.1.0->poetry)
2026-03-30T05:44:02.3233061Z   Downloading crashtest-0.4.1-py3-none-any.whl.metadata (1.1 kB)
2026-03-30T05:44:02.9506348Z Collecting rapidfuzz<4.0.0,>=3.0.0 (from cleo<3.0.0,>=2.1.0->poetry)
2026-03-30T05:44:02.9643806Z   Downloading rapidfuzz-3.14.3-cp310-cp310-win_amd64.whl.metadata (12 kB)
2026-03-30T05:44:03.0168607Z Collecting urllib3>=2.2.2 (from dulwich<2,>=0.25.0->poetry)
2026-03-30T05:44:03.0256092Z   Downloading urllib3-2.6.3-py3-none-any.whl.metadata (6.9 kB)
2026-03-30T05:44:03.0739331Z Collecting typing_extensions>=4.6.0 (from dulwich<2,>=0.25.0->poetry)
2026-03-30T05:44:03.0826155Z   Downloading typing_extensions-4.15.0-py3-none-any.whl.metadata (3.3 kB)
2026-03-30T05:44:03.1297210Z Collecting pywin32-ctypes>=0.2.0 (from keyring<26.0.0,>=25.1.0->poetry)
2026-03-30T05:44:03.1406539Z   Downloading pywin32_ctypes-0.2.3-py3-none-any.whl.metadata (3.9 kB)
2026-03-30T05:44:03.1995425Z Collecting importlib_metadata>=4.11.4 (from keyring<26.0.0,>=25.1.0->poetry)
2026-03-30T05:44:03.2083686Z   Downloading importlib_metadata-9.0.0-py3-none-any.whl.metadata (4.5 kB)
2026-03-30T05:44:03.2541445Z Collecting jaraco.classes (from keyring<26.0.0,>=25.1.0->poetry)
2026-03-30T05:44:03.2625625Z   Downloading jaraco.classes-3.4.0-py3-none-any.whl.metadata (2.6 kB)
2026-03-30T05:44:03.3134145Z Collecting jaraco.functools (from keyring<26.0.0,>=25.1.0->poetry)
2026-03-30T05:44:03.3218723Z   Downloading jaraco_functools-4.4.0-py3-none-any.whl.metadata (3.0 kB)
2026-03-30T05:44:03.3718482Z Collecting jaraco.context (from keyring<26.0.0,>=25.1.0->poetry)
2026-03-30T05:44:03.3804559Z   Downloading jaraco_context-6.1.2-py3-none-any.whl.metadata (4.2 kB)
2026-03-30T05:44:03.5286854Z Collecting charset_normalizer<4,>=2 (from requests<3.0,>=2.26->poetry)
2026-03-30T05:44:03.5420095Z   Downloading charset_normalizer-3.4.6-cp310-cp310-win_amd64.whl.metadata (41 kB)
2026-03-30T05:44:03.5889658Z Collecting idna<4,>=2.5 (from requests<3.0,>=2.26->poetry)
2026-03-30T05:44:03.5974548Z   Downloading idna-3.11-py3-none-any.whl.metadata (8.4 kB)
2026-03-30T05:44:03.6563055Z Collecting certifi>=2023.5.7 (from requests<3.0,>=2.26->poetry)
2026-03-30T05:44:03.6649554Z   Downloading certifi-2026.2.25-py3-none-any.whl.metadata (2.5 kB)
2026-03-30T05:44:03.7221819Z Collecting zipp>=3.20 (from importlib_metadata>=4.11.4->keyring<26.0.0,>=25.1.0->poetry)
2026-03-30T05:44:03.7318659Z   Downloading zipp-3.23.0-py3-none-any.whl.metadata (3.6 kB)
2026-03-30T05:44:03.7884381Z Collecting httpx<1,>=0.27.0 (from pbs-installer[download,install]>=2025.6.10->poetry)
2026-03-30T05:44:03.7974290Z   Downloading httpx-0.28.1-py3-none-any.whl.metadata (7.1 kB)
2026-03-30T05:44:03.9153096Z Collecting zstandard>=0.21.0 (from pbs-installer[download,install]>=2025.6.10->poetry)
2026-03-30T05:44:03.9282614Z   Downloading zstandard-0.25.0-cp310-cp310-win_amd64.whl.metadata (3.3 kB)
2026-03-30T05:44:03.9822123Z Collecting anyio (from httpx<1,>=0.27.0->pbs-installer[download,install]>=2025.6.10->poetry)
2026-03-30T05:44:03.9910222Z   Downloading anyio-4.13.0-py3-none-any.whl.metadata (4.5 kB)
2026-03-30T05:44:04.0402189Z Collecting httpcore==1.* (from httpx<1,>=0.27.0->pbs-installer[download,install]>=2025.6.10->poetry)
2026-03-30T05:44:04.0487657Z   Downloading httpcore-1.0.9-py3-none-any.whl.metadata (21 kB)
2026-03-30T05:44:04.1004169Z Collecting h11>=0.16 (from httpcore==1.*->httpx<1,>=0.27.0->pbs-installer[download,install]>=2025.6.10->poetry)
2026-03-30T05:44:04.1089058Z   Downloading h11-0.16.0-py3-none-any.whl.metadata (8.3 kB)
2026-03-30T05:44:04.1818679Z Collecting distlib<1,>=0.3.7 (from virtualenv>=20.26.6->poetry)
2026-03-30T05:44:04.1902848Z   Downloading distlib-0.4.0-py2.py3-none-any.whl.metadata (5.2 kB)
2026-03-30T05:44:04.2384214Z Collecting python-discovery>=1 (from virtualenv>=20.26.6->poetry)
2026-03-30T05:44:04.2481672Z   Downloading python_discovery-1.2.1-py3-none-any.whl.metadata (5.4 kB)
2026-03-30T05:44:04.3026812Z Collecting exceptiongroup>=1.0.2 (from anyio->httpx<1,>=0.27.0->pbs-installer[download,install]>=2025.6.10->poetry)
2026-03-30T05:44:04.3110135Z   Downloading exceptiongroup-1.3.1-py3-none-any.whl.metadata (6.7 kB)
2026-03-30T05:44:04.3674561Z Collecting more-itertools (from jaraco.classes->keyring<26.0.0,>=25.1.0->poetry)
2026-03-30T05:44:04.3762365Z   Downloading more_itertools-10.8.0-py3-none-any.whl.metadata (39 kB)
2026-03-30T05:44:04.4190442Z Collecting backports.tarfile (from jaraco.context->keyring<26.0.0,>=25.1.0->poetry)
2026-03-30T05:44:04.4323028Z   Downloading backports.tarfile-1.2.0-py3-none-any.whl.metadata (2.0 kB)
2026-03-30T05:44:04.4601263Z Downloading poetry-2.3.3-py3-none-any.whl (288 kB)
2026-03-30T05:44:04.4974845Z Downloading poetry_core-2.3.2-py3-none-any.whl (340 kB)
2026-03-30T05:44:04.5313414Z Downloading build-1.4.2-py3-none-any.whl (24 kB)
2026-03-30T05:44:04.5552500Z Downloading cachecontrol-0.14.4-py3-none-any.whl (22 kB)
2026-03-30T05:44:04.5796956Z Downloading cleo-2.1.0-py3-none-any.whl (78 kB)
2026-03-30T05:44:04.6036252Z Downloading crashtest-0.4.1-py3-none-any.whl (7.6 kB)
2026-03-30T05:44:04.6292710Z Downloading dulwich-1.1.0-cp310-cp310-win_amd64.whl (1.0 MB)
2026-03-30T05:44:04.6639021Z    ---------------------------------------- 1.0/1.0 MB 24.5 MB/s  0:00:00
2026-03-30T05:44:04.6721661Z Downloading fastjsonschema-2.21.2-py3-none-any.whl (24 kB)
2026-03-30T05:44:04.6938175Z Downloading findpython-0.7.1-py3-none-any.whl (21 kB)
2026-03-30T05:44:04.7176215Z Downloading installer-0.7.0-py3-none-any.whl (453 kB)
2026-03-30T05:44:04.7435649Z Downloading keyring-25.7.0-py3-none-any.whl (39 kB)
2026-03-30T05:44:04.7695634Z Downloading msgpack-1.1.2-cp310-cp310-win_amd64.whl (71 kB)
2026-03-30T05:44:04.7919700Z Downloading pkginfo-1.12.1.2-py3-none-any.whl (32 kB)
2026-03-30T05:44:04.8159490Z Downloading platformdirs-4.9.4-py3-none-any.whl (21 kB)
2026-03-30T05:44:04.8427456Z Downloading pyproject_hooks-1.2.0-py3-none-any.whl (10 kB)
2026-03-30T05:44:04.8679837Z Downloading rapidfuzz-3.14.3-cp310-cp310-win_amd64.whl (1.5 MB)
2026-03-30T05:44:04.8994499Z    ---------------------------------------- 1.5/1.5 MB 80.0 MB/s  0:00:00
2026-03-30T05:44:04.9080806Z Downloading requests-2.33.0-py3-none-any.whl (65 kB)
2026-03-30T05:44:05.3692075Z Downloading charset_normalizer-3.4.6-cp310-cp310-win_amd64.whl (154 kB)
2026-03-30T05:44:05.3966634Z Downloading idna-3.11-py3-none-any.whl (71 kB)
2026-03-30T05:44:05.4191732Z Downloading requests_toolbelt-1.0.0-py2.py3-none-any.whl (54 kB)
2026-03-30T05:44:05.4531233Z Downloading shellingham-1.5.4-py2.py3-none-any.whl (9.8 kB)
2026-03-30T05:44:05.4782248Z Downloading tomli-2.4.1-py3-none-any.whl (14 kB)
2026-03-30T05:44:05.5314215Z Downloading tomlkit-0.14.0-py3-none-any.whl (39 kB)
2026-03-30T05:44:05.5572445Z Downloading urllib3-2.6.3-py3-none-any.whl (131 kB)
2026-03-30T05:44:05.5803246Z Downloading certifi-2026.2.25-py3-none-any.whl (153 kB)
2026-03-30T05:44:05.6039223Z Downloading filelock-3.25.2-py3-none-any.whl (26 kB)
2026-03-30T05:44:05.6286676Z Downloading importlib_metadata-9.0.0-py3-none-any.whl (27 kB)
2026-03-30T05:44:05.6524827Z Downloading packaging-26.0-py3-none-any.whl (74 kB)
2026-03-30T05:44:05.6763604Z Downloading pbs_installer-2026.3.25-py3-none-any.whl (72 kB)
2026-03-30T05:44:05.7012938Z Downloading httpx-0.28.1-py3-none-any.whl (73 kB)
2026-03-30T05:44:05.7295798Z Downloading httpcore-1.0.9-py3-none-any.whl (78 kB)
2026-03-30T05:44:05.7538029Z Downloading h11-0.16.0-py3-none-any.whl (37 kB)
2026-03-30T05:44:05.7772226Z Downloading pywin32_ctypes-0.2.3-py3-none-any.whl (30 kB)
2026-03-30T05:44:05.8019327Z Downloading trove_classifiers-2026.1.14.14-py3-none-any.whl (14 kB)
2026-03-30T05:44:05.8236399Z Downloading typing_extensions-4.15.0-py3-none-any.whl (44 kB)
2026-03-30T05:44:05.8620142Z Downloading virtualenv-21.2.0-py3-none-any.whl (5.8 MB)
2026-03-30T05:44:05.9083288Z    ---------------------------------------- 5.8/5.8 MB 118.4 MB/s  0:00:00
2026-03-30T05:44:05.9197035Z Downloading distlib-0.4.0-py2.py3-none-any.whl (469 kB)
2026-03-30T05:44:05.9498041Z Downloading python_discovery-1.2.1-py3-none-any.whl (31 kB)
2026-03-30T05:44:05.9746263Z Downloading zipp-3.23.0-py3-none-any.whl (10 kB)
2026-03-30T05:44:05.9988371Z Downloading zstandard-0.25.0-cp310-cp310-win_amd64.whl (506 kB)
2026-03-30T05:44:06.0262085Z Downloading anyio-4.13.0-py3-none-any.whl (114 kB)
2026-03-30T05:44:06.0541685Z Downloading exceptiongroup-1.3.1-py3-none-any.whl (16 kB)
2026-03-30T05:44:06.0781761Z Downloading colorama-0.4.6-py2.py3-none-any.whl (25 kB)
2026-03-30T05:44:06.1012013Z Downloading jaraco.classes-3.4.0-py3-none-any.whl (6.8 kB)
2026-03-30T05:44:06.1244750Z Downloading jaraco_context-6.1.2-py3-none-any.whl (7.9 kB)
2026-03-30T05:44:06.1471312Z Downloading backports.tarfile-1.2.0-py3-none-any.whl (30 kB)
2026-03-30T05:44:06.1709343Z Downloading jaraco_functools-4.4.0-py3-none-any.whl (10 kB)
2026-03-30T05:44:06.1935800Z Downloading more_itertools-10.8.0-py3-none-any.whl (69 kB)
2026-03-30T05:44:06.4270356Z Installing collected packages: trove-classifiers, fastjsonschema, distlib, zstandard, zipp, urllib3, typing_extensions, tomlkit, tomli, shellingham, rapidfuzz, pywin32-ctypes, pyproject-hooks, poetry-core, platformdirs, pkginfo, pbs-installer, packaging, msgpack, more-itertools, installer, idna, h11, filelock, crashtest, colorama, charset_normalizer, certifi, backports.tarfile, requests, python-discovery, jaraco.functools, jaraco.context, jaraco.classes, importlib_metadata, httpcore, findpython, exceptiongroup, dulwich, cleo, build, virtualenv, requests-toolbelt, keyring, cachecontrol, anyio, httpx, poetry
2026-03-30T05:44:14.5444685Z 
2026-03-30T05:44:14.5652346Z Successfully installed anyio-4.13.0 backports.tarfile-1.2.0 build-1.4.2 cachecontrol-0.14.4 certifi-2026.2.25 charset_normalizer-3.4.6 cleo-2.1.0 colorama-0.4.6 crashtest-0.4.1 distlib-0.4.0 dulwich-1.1.0 exceptiongroup-1.3.1 fastjsonschema-2.21.2 filelock-3.25.2 findpython-0.7.1 h11-0.16.0 httpcore-1.0.9 httpx-0.28.1 idna-3.11 importlib_metadata-9.0.0 installer-0.7.0 jaraco.classes-3.4.0 jaraco.context-6.1.2 jaraco.functools-4.4.0 keyring-25.7.0 more-itertools-10.8.0 msgpack-1.1.2 packaging-26.0 pbs-installer-2026.3.25 pkginfo-1.12.1.2 platformdirs-4.9.4 poetry-2.3.3 poetry-core-2.3.2 pyproject-hooks-1.2.0 python-discovery-1.2.1 pywin32-ctypes-0.2.3 rapidfuzz-3.14.3 requests-2.33.0 requests-toolbelt-1.0.0 shellingham-1.5.4 tomli-2.4.1 tomlkit-0.14.0 trove-classifiers-2026.1.14.14 typing_extensions-4.15.0 urllib3-2.6.3 virtualenv-21.2.0 zipp-3.23.0 zstandard-0.25.0
2026-03-30T05:44:15.6582030Z ##[group]Run poetry config virtualenvs.in-project true
2026-03-30T05:44:15.6582493Z [36;1mpoetry config virtualenvs.in-project true[0m
2026-03-30T05:44:15.6650345Z shell: C:\Program Files\PowerShell\7\pwsh.EXE -command ". '{0}'"
2026-03-30T05:44:15.6650672Z env:
2026-03-30T05:44:15.6650922Z   pythonLocation: C:\hostedtoolcache\windows\Python\3.10.11\x64
2026-03-30T05:44:15.6651362Z   PKG_CONFIG_PATH: C:\hostedtoolcache\windows\Python\3.10.11\x64/lib/pkgconfig
2026-03-30T05:44:15.6651970Z   Python_ROOT_DIR: C:\hostedtoolcache\windows\Python\3.10.11\x64
2026-03-30T05:44:15.6652352Z   Python2_ROOT_DIR: C:\hostedtoolcache\windows\Python\3.10.11\x64
2026-03-30T05:44:15.6652724Z   Python3_ROOT_DIR: C:\hostedtoolcache\windows\Python\3.10.11\x64
2026-03-30T05:44:15.6653004Z ##[endgroup]
2026-03-30T05:44:18.1500550Z ##[group]Run actions/cache@v4
2026-03-30T05:44:18.1500855Z with:
2026-03-30T05:44:18.1501020Z   path: .venv
2026-03-30T05:44:18.1501410Z   key: venv-Windows-py310-ea1abc768556d5a401dadcca56efa518ec12e159be9c89ecda1aba6604c5a286
2026-03-30T05:44:18.1501922Z   restore-keys: venv-Windows-py310-

2026-03-30T05:44:18.1502182Z   enableCrossOsArchive: false
2026-03-30T05:44:18.1502401Z   fail-on-cache-miss: false
2026-03-30T05:44:18.1502595Z   lookup-only: false
2026-03-30T05:44:18.1502769Z   save-always: false
2026-03-30T05:44:18.1502926Z env:
2026-03-30T05:44:18.1503165Z   pythonLocation: C:\hostedtoolcache\windows\Python\3.10.11\x64
2026-03-30T05:44:18.1503615Z   PKG_CONFIG_PATH: C:\hostedtoolcache\windows\Python\3.10.11\x64/lib/pkgconfig
2026-03-30T05:44:18.1504030Z   Python_ROOT_DIR: C:\hostedtoolcache\windows\Python\3.10.11\x64
2026-03-30T05:44:18.1504401Z   Python2_ROOT_DIR: C:\hostedtoolcache\windows\Python\3.10.11\x64
2026-03-30T05:44:18.1504803Z   Python3_ROOT_DIR: C:\hostedtoolcache\windows\Python\3.10.11\x64
2026-03-30T05:44:18.1505088Z ##[endgroup]
2026-03-30T05:44:18.9869380Z Cache not found for input keys: venv-Windows-py310-ea1abc768556d5a401dadcca56efa518ec12e159be9c89ecda1aba6604c5a286, venv-Windows-py310-
2026-03-30T05:44:19.0108701Z ##[group]Run poetry install --no-interaction --no-root
2026-03-30T05:44:19.0109135Z [36;1mpoetry install --no-interaction --no-root[0m
2026-03-30T05:44:19.0177099Z shell: C:\Program Files\PowerShell\7\pwsh.EXE -command ". '{0}'"
2026-03-30T05:44:19.0177417Z env:
2026-03-30T05:44:19.0177654Z   pythonLocation: C:\hostedtoolcache\windows\Python\3.10.11\x64
2026-03-30T05:44:19.0178111Z   PKG_CONFIG_PATH: C:\hostedtoolcache\windows\Python\3.10.11\x64/lib/pkgconfig
2026-03-30T05:44:19.0178542Z   Python_ROOT_DIR: C:\hostedtoolcache\windows\Python\3.10.11\x64
2026-03-30T05:44:19.0178924Z   Python2_ROOT_DIR: C:\hostedtoolcache\windows\Python\3.10.11\x64
2026-03-30T05:44:19.0179295Z   Python3_ROOT_DIR: C:\hostedtoolcache\windows\Python\3.10.11\x64
2026-03-30T05:44:19.0179578Z ##[endgroup]
2026-03-30T05:44:20.1740621Z Creating virtualenv testpilot-ai in D:\a\TestPilotAI\TestPilotAI\.venv
2026-03-30T05:44:23.0575160Z Installing dependencies from lock file
2026-03-30T05:44:23.1054303Z 
2026-03-30T05:44:23.1055191Z pyproject.toml changed significantly since poetry.lock was last generated. Run `poetry lock` to fix the lock file.
2026-03-30T05:44:23.2924027Z ##[error]Process completed with exit code 1.
2026-03-30T05:44:23.3330476Z Post job cleanup.
2026-03-30T05:44:23.6206991Z [command]"C:\Program Files\Git\bin\git.exe" version
2026-03-30T05:44:23.6473755Z git version 2.53.0.windows.2
2026-03-30T05:44:23.6556659Z Temporarily overriding HOME='D:\a\_temp\5fad719f-9c3c-441d-b1aa-ace5ac71f6a8' before making global git config changes
2026-03-30T05:44:23.6558190Z Adding repository directory to the temporary git global config as a safe directory
2026-03-30T05:44:23.6570021Z [command]"C:\Program Files\Git\bin\git.exe" config --global --add safe.directory D:\a\TestPilotAI\TestPilotAI
2026-03-30T05:44:23.6883523Z [command]"C:\Program Files\Git\bin\git.exe" config --local --name-only --get-regexp core\.sshCommand
2026-03-30T05:44:23.7199458Z [command]"C:\Program Files\Git\bin\git.exe" submodule foreach --recursive "sh -c \"git config --local --name-only --get-regexp 'core\.sshCommand' && git config --local --unset-all 'core.sshCommand' || :\""
2026-03-30T05:44:24.3391343Z [command]"C:\Program Files\Git\bin\git.exe" config --local --name-only --get-regexp http\.https\:\/\/github\.com\/\.extraheader
2026-03-30T05:44:24.3656961Z http.https://github.com/.extraheader
2026-03-30T05:44:24.3706316Z [command]"C:\Program Files\Git\bin\git.exe" config --local --unset-all http.https://github.com/.extraheader
2026-03-30T05:44:24.4012105Z [command]"C:\Program Files\Git\bin\git.exe" submodule foreach --recursive "sh -c \"git config --local --name-only --get-regexp 'http\.https\:\/\/github\.com\/\.extraheader' && git config --local --unset-all 'http.https://github.com/.extraheader' || :\""
2026-03-30T05:44:24.9648048Z [command]"C:\Program Files\Git\bin\git.exe" config --local --name-only --get-regexp ^includeIf\.gitdir:
2026-03-30T05:44:24.9982604Z [command]"C:\Program Files\Git\bin\git.exe" submodule foreach --recursive "git config --local --show-origin --name-only --get-regexp remote.origin.url"
2026-03-30T05:44:25.5965999Z Cleaning up orphan processes
2026-03-30T05:44:25.6008540Z ##[warning]Node.js 20 actions are deprecated. The following actions are running on Node.js 20 and may not work as expected: actions/cache@v4, actions/checkout@v4, actions/setup-python@v5. Actions will be forced to run with Node.js 24 by default starting June 2nd, 2026. Node.js 20 will be removed from the runner on September 16th, 2026. Please check if updated versions of these actions are available that support Node.js 24. To opt into Node.js 24 now, set the FORCE_JAVASCRIPT_ACTIONS_TO_NODE24=true environment variable on the runner or in your workflow file. Once Node.js 24 becomes the default, you can temporarily opt out by setting ACTIONS_ALLOW_USE_UNSECURE_NODE_VERSION=true. For more information see: https://github.blog/changelog/2025-09-19-deprecation-of-node-20-on-github-actions-runners/
